2023-06-16 16:05:31,095 [Worker-5: Loading available Gradle versions] INFO  o.e.b.c.i.u.g.PublishedGradleVersions - Gradle version information cache is up-to-date. Trying to read.
2023-06-16 16:06:02,277 [Worker-7: Importing Maven projects] INFO  o.e.m.c.i.l.LifecycleMappingFactory - Using org.eclipse.m2e.jdt.JarLifecycleMapping lifecycle mapping for MavenProject: com.sense:api-security:master @ D:\RF Reporter workspace\api-security\pom.xml.
2023-06-16 16:06:02,723 [Worker-7: Importing Maven projects] INFO  o.e.m.c.i.l.LifecycleMappingFactory - Using org.eclipse.m2e.jdt.JarLifecycleMapping lifecycle mapping for MavenProject: com.sense:rf-monitor-model:master @ D:\RF Reporter workspace\rf-monitor-model\pom.xml.
2023-06-16 16:06:03,307 [Worker-7: Importing Maven projects] INFO  o.e.m.c.i.l.LifecycleMappingFactory - Using org.eclipse.m2e.jdt.JarLifecycleMapping lifecycle mapping for MavenProject: com.sense:rf-reporter:master @ D:\RF Reporter workspace\rf-reporter\pom.xml.
2023-06-16 16:06:03,933 [Worker-7: Importing Maven projects] WARN  o.e.m.c.i.embedder.EclipseLogger - org.eclipse.collections:eclipse-collections-forkjoin/maven-metadata.xmlfailed to transfer from https://repo.maven.apache.org/maven2 during a previous attempt. This failure was cached in the local repository and resolution will not be reattempted until the update interval of central has elapsed or updates are forced. Original error: Could not transfer metadata org.eclipse.collections:eclipse-collections-forkjoin/maven-metadata.xml from/to central (https://repo.maven.apache.org/maven2): The operation was cancelled.
2023-06-16 16:06:03,935 [Worker-7: Importing Maven projects] WARN  o.e.m.c.i.embedder.EclipseLogger - org.eclipse.collections:eclipse-collections-forkjoin/maven-metadata.xmlfailed to transfer from https://oss.sonatype.org/content/repositories/snapshots during a previous attempt. This failure was cached in the local repository and resolution will not be reattempted until the update interval of sonatype-nexus-snapshots has elapsed or updates are forced. Original error: Could not transfer metadata org.eclipse.collections:eclipse-collections-forkjoin/maven-metadata.xml from/to sonatype-nexus-snapshots (https://oss.sonatype.org/content/repositories/snapshots): The operation was cancelled.
2023-06-16 16:06:03,937 [Worker-7: Importing Maven projects] WARN  o.e.m.c.i.embedder.EclipseLogger - com.google.guava:guava/maven-metadata.xmlfailed to transfer from https://repo.maven.apache.org/maven2 during a previous attempt. This failure was cached in the local repository and resolution will not be reattempted until the update interval of central has elapsed or updates are forced. Original error: Could not transfer metadata com.google.guava:guava/maven-metadata.xml from/to central (https://repo.maven.apache.org/maven2): The operation was cancelled.
2023-06-16 16:06:03,938 [Worker-7: Importing Maven projects] WARN  o.e.m.c.i.embedder.EclipseLogger - com.google.guava:guava/maven-metadata.xmlfailed to transfer from https://oss.sonatype.org/content/repositories/snapshots during a previous attempt. This failure was cached in the local repository and resolution will not be reattempted until the update interval of sonatype-nexus-snapshots has elapsed or updates are forced. Original error: Could not transfer metadata com.google.guava:guava/maven-metadata.xml from/to sonatype-nexus-snapshots (https://oss.sonatype.org/content/repositories/snapshots): The operation was cancelled.
2023-06-16 16:06:07,867 [Worker-7: Importing Maven projects] INFO  o.e.m.j.i.AbstractJavaProjectConfigurator - Adding source folder /rf-monitor-model/src/main/java
2023-06-16 16:06:07,867 [Worker-7: Importing Maven projects] INFO  o.e.m.j.i.AbstractJavaProjectConfigurator - Adding source folder /rf-monitor-model/src/test/java
2023-06-16 16:06:08,671 [Worker-7: Importing Maven projects] INFO  o.e.m.j.i.AbstractJavaProjectConfigurator - Adding source folder /api-security/src/main/java
2023-06-16 16:06:08,671 [Worker-7: Importing Maven projects] INFO  o.e.m.j.i.AbstractJavaProjectConfigurator - Adding resource folder /api-security/src/main/resources
2023-06-16 16:06:08,672 [Worker-7: Importing Maven projects] INFO  o.e.m.j.i.AbstractJavaProjectConfigurator - Adding resource folder /api-security/src/main/resources
2023-06-16 16:06:08,672 [Worker-7: Importing Maven projects] INFO  o.e.m.j.i.AbstractJavaProjectConfigurator - Adding source folder /api-security/src/test/java
2023-06-16 16:06:09,005 [Worker-7: Importing Maven projects] INFO  o.e.m.j.i.AbstractJavaProjectConfigurator - Adding source folder /rf-reporter/src/main/java
2023-06-16 16:06:09,005 [Worker-7: Importing Maven projects] INFO  o.e.m.j.i.AbstractJavaProjectConfigurator - Adding resource folder /rf-reporter/src/main/resources
2023-06-16 16:06:09,010 [Worker-7: Importing Maven projects] INFO  o.e.m.j.i.AbstractJavaProjectConfigurator - Adding resource folder /rf-reporter/src/main/resources
2023-06-16 16:06:09,011 [Worker-7: Importing Maven projects] INFO  o.e.m.j.i.AbstractJavaProjectConfigurator - Adding source folder /rf-reporter/src/test/java
2023-06-16 16:06:09,011 [Worker-7: Importing Maven projects] INFO  o.e.m.j.i.AbstractJavaProjectConfigurator - Adding resource folder /rf-reporter/src/test/resources
2023-06-16 16:06:09,656 [Worker-7: Importing Maven projects] INFO  o.e.m.c.i.p.ProjectConfigurationManager - Imported and configured 3 project(s) in 11 sec
2023-06-16 16:06:11,910 [Worker-13: Updating Maven Project] INFO  o.e.m.c.i.p.ProjectConfigurationManager - Update started
2023-06-16 16:06:12,742 [Worker-13: Updating Maven Project] INFO  o.e.m.c.i.l.LifecycleMappingFactory - Using org.eclipse.m2e.jdt.JarLifecycleMapping lifecycle mapping for MavenProject: com.sense:api-security:master @ D:\RF Reporter workspace\api-security\pom.xml.
2023-06-16 16:06:13,149 [Worker-13: Updating Maven Project] INFO  o.e.m.c.i.l.LifecycleMappingFactory - Using org.eclipse.m2e.jdt.JarLifecycleMapping lifecycle mapping for MavenProject: com.sense:rf-reporter:master @ D:\RF Reporter workspace\rf-reporter\pom.xml.
2023-06-16 16:06:13,820 [Worker-13: Updating Maven Project] WARN  o.e.m.c.i.embedder.EclipseLogger - org.eclipse.collections:eclipse-collections-forkjoin/maven-metadata.xmlfailed to transfer from https://repo.maven.apache.org/maven2 during a previous attempt. This failure was cached in the local repository and resolution will not be reattempted until the update interval of central has elapsed or updates are forced. Original error: Could not transfer metadata org.eclipse.collections:eclipse-collections-forkjoin/maven-metadata.xml from/to central (https://repo.maven.apache.org/maven2): The operation was cancelled.
2023-06-16 16:06:13,821 [Worker-13: Updating Maven Project] WARN  o.e.m.c.i.embedder.EclipseLogger - org.eclipse.collections:eclipse-collections-forkjoin/maven-metadata.xmlfailed to transfer from https://oss.sonatype.org/content/repositories/snapshots during a previous attempt. This failure was cached in the local repository and resolution will not be reattempted until the update interval of sonatype-nexus-snapshots has elapsed or updates are forced. Original error: Could not transfer metadata org.eclipse.collections:eclipse-collections-forkjoin/maven-metadata.xml from/to sonatype-nexus-snapshots (https://oss.sonatype.org/content/repositories/snapshots): The operation was cancelled.
2023-06-16 16:06:13,823 [Worker-13: Updating Maven Project] WARN  o.e.m.c.i.embedder.EclipseLogger - com.google.guava:guava/maven-metadata.xmlfailed to transfer from https://repo.maven.apache.org/maven2 during a previous attempt. This failure was cached in the local repository and resolution will not be reattempted until the update interval of central has elapsed or updates are forced. Original error: Could not transfer metadata com.google.guava:guava/maven-metadata.xml from/to central (https://repo.maven.apache.org/maven2): The operation was cancelled.
2023-06-16 16:06:13,824 [Worker-13: Updating Maven Project] WARN  o.e.m.c.i.embedder.EclipseLogger - com.google.guava:guava/maven-metadata.xmlfailed to transfer from https://oss.sonatype.org/content/repositories/snapshots during a previous attempt. This failure was cached in the local repository and resolution will not be reattempted until the update interval of sonatype-nexus-snapshots has elapsed or updates are forced. Original error: Could not transfer metadata com.google.guava:guava/maven-metadata.xml from/to sonatype-nexus-snapshots (https://oss.sonatype.org/content/repositories/snapshots): The operation was cancelled.
2023-06-16 16:06:15,804 [Worker-13: Updating Maven Project] INFO  o.e.m.j.i.AbstractJavaProjectConfigurator - Adding source folder /api-security/src/main/java
2023-06-16 16:06:15,805 [Worker-13: Updating Maven Project] INFO  o.e.m.j.i.AbstractJavaProjectConfigurator - Adding resource folder /api-security/src/main/resources
2023-06-16 16:06:15,805 [Worker-13: Updating Maven Project] INFO  o.e.m.j.i.AbstractJavaProjectConfigurator - Adding resource folder /api-security/src/main/resources
2023-06-16 16:06:15,806 [Worker-13: Updating Maven Project] INFO  o.e.m.j.i.AbstractJavaProjectConfigurator - Adding source folder /api-security/src/test/java
2023-06-16 16:06:16,211 [Worker-13: Updating Maven Project] INFO  o.e.m.j.i.AbstractJavaProjectConfigurator - Adding source folder /rf-reporter/src/main/java
2023-06-16 16:06:16,212 [Worker-13: Updating Maven Project] INFO  o.e.m.j.i.AbstractJavaProjectConfigurator - Adding resource folder /rf-reporter/src/main/resources
2023-06-16 16:06:16,212 [Worker-13: Updating Maven Project] INFO  o.e.m.j.i.AbstractJavaProjectConfigurator - Adding resource folder /rf-reporter/src/main/resources
2023-06-16 16:06:16,213 [Worker-13: Updating Maven Project] INFO  o.e.m.j.i.AbstractJavaProjectConfigurator - Adding source folder /rf-reporter/src/test/java
2023-06-16 16:06:16,213 [Worker-13: Updating Maven Project] INFO  o.e.m.j.i.AbstractJavaProjectConfigurator - Adding resource folder /rf-reporter/src/test/resources
2023-06-16 16:06:17,829 [Worker-13: Updating Maven Project] INFO  o.e.m.c.i.p.ProjectConfigurationManager - Update completed for 2 poms: local refresh takes 0.00 sec, refresh facades takes 3.00 sec, update config takes 1.00 sec 
2023-06-16 16:06:19,324 [Worker-9: Building] INFO  o.e.m.c.i.embedder.EclipseLogger - Using 'UTF-8' encoding to copy filtered resources.
2023-06-16 16:06:19,324 [Worker-9: Building] INFO  o.e.m.c.i.embedder.EclipseLogger - Using 'UTF-8' encoding to copy filtered properties files.
2023-06-16 16:06:19,329 [Worker-9: Building] INFO  o.e.m.c.i.embedder.EclipseLogger - Copying 1 resource
2023-06-16 16:06:19,363 [Worker-9: Building] INFO  o.e.m.c.i.embedder.EclipseLogger - Copying 0 resource
2023-06-16 16:06:19,368 [Worker-9: Building] INFO  o.e.m.c.i.embedder.EclipseLogger - Using 'UTF-8' encoding to copy filtered resources.
2023-06-16 16:06:19,368 [Worker-9: Building] INFO  o.e.m.c.i.embedder.EclipseLogger - Using 'UTF-8' encoding to copy filtered properties files.
2023-06-16 16:06:19,368 [Worker-9: Building] INFO  o.e.m.c.i.embedder.EclipseLogger - skip non existing resourceDirectory D:\RF Reporter workspace\api-security\src\test\resources
2023-06-16 16:06:21,333 [Worker-9: Building] INFO  o.e.m.c.i.embedder.EclipseLogger - Using 'UTF-8' encoding to copy filtered resources.
2023-06-16 16:06:21,333 [Worker-9: Building] INFO  o.e.m.c.i.embedder.EclipseLogger - skip non existing resourceDirectory D:\RF Reporter workspace\rf-monitor-model\src\main\resources
2023-06-16 16:06:21,333 [Worker-9: Building] INFO  o.e.m.c.i.embedder.EclipseLogger - skip non existing resourceDirectory D:\RF Reporter workspace\rf-monitor-model\src\main\resources
2023-06-16 16:06:21,338 [Worker-9: Building] INFO  o.e.m.c.i.embedder.EclipseLogger - Using 'UTF-8' encoding to copy filtered resources.
2023-06-16 16:06:21,338 [Worker-9: Building] INFO  o.e.m.c.i.embedder.EclipseLogger - skip non existing resourceDirectory D:\RF Reporter workspace\rf-monitor-model\src\test\resources
2023-06-16 16:06:22,058 [Worker-9: Building] INFO  o.e.m.c.i.embedder.EclipseLogger - Using 'UTF-8' encoding to copy filtered resources.
2023-06-16 16:06:22,059 [Worker-9: Building] INFO  o.e.m.c.i.embedder.EclipseLogger - Using 'UTF-8' encoding to copy filtered properties files.
2023-06-16 16:06:22,060 [Worker-9: Building] INFO  o.e.m.c.i.embedder.EclipseLogger - Copying 2 resources
2023-06-16 16:06:22,078 [Worker-9: Building] INFO  o.e.m.c.i.embedder.EclipseLogger - Copying 1 resource
2023-06-16 16:06:22,085 [Worker-9: Building] INFO  o.e.m.c.i.embedder.EclipseLogger - Using 'UTF-8' encoding to copy filtered resources.
2023-06-16 16:06:22,086 [Worker-9: Building] INFO  o.e.m.c.i.embedder.EclipseLogger - Using 'UTF-8' encoding to copy filtered properties files.
2023-06-16 16:06:22,087 [Worker-9: Building] INFO  o.e.m.c.i.embedder.EclipseLogger - Copying 1 resource
2023-06-16 16:06:34,282 [Worker-13: Updating Maven Project] INFO  o.e.m.c.i.p.ProjectConfigurationManager - Update started
2023-06-16 16:06:34,659 [Worker-13: Updating Maven Project] INFO  o.e.m.c.i.l.LifecycleMappingFactory - Using org.eclipse.m2e.jdt.JarLifecycleMapping lifecycle mapping for MavenProject: com.sense:rf-reporter:master @ D:\RF Reporter workspace\rf-reporter\pom.xml.
2023-06-16 16:06:35,334 [Worker-13: Updating Maven Project] WARN  o.e.m.c.i.embedder.EclipseLogger - org.eclipse.collections:eclipse-collections-forkjoin/maven-metadata.xmlfailed to transfer from https://repo.maven.apache.org/maven2 during a previous attempt. This failure was cached in the local repository and resolution will not be reattempted until the update interval of central has elapsed or updates are forced. Original error: Could not transfer metadata org.eclipse.collections:eclipse-collections-forkjoin/maven-metadata.xml from/to central (https://repo.maven.apache.org/maven2): The operation was cancelled.
2023-06-16 16:06:35,335 [Worker-13: Updating Maven Project] WARN  o.e.m.c.i.embedder.EclipseLogger - org.eclipse.collections:eclipse-collections-forkjoin/maven-metadata.xmlfailed to transfer from https://oss.sonatype.org/content/repositories/snapshots during a previous attempt. This failure was cached in the local repository and resolution will not be reattempted until the update interval of sonatype-nexus-snapshots has elapsed or updates are forced. Original error: Could not transfer metadata org.eclipse.collections:eclipse-collections-forkjoin/maven-metadata.xml from/to sonatype-nexus-snapshots (https://oss.sonatype.org/content/repositories/snapshots): The operation was cancelled.
2023-06-16 16:06:35,337 [Worker-13: Updating Maven Project] WARN  o.e.m.c.i.embedder.EclipseLogger - com.google.guava:guava/maven-metadata.xmlfailed to transfer from https://repo.maven.apache.org/maven2 during a previous attempt. This failure was cached in the local repository and resolution will not be reattempted until the update interval of central has elapsed or updates are forced. Original error: Could not transfer metadata com.google.guava:guava/maven-metadata.xml from/to central (https://repo.maven.apache.org/maven2): The operation was cancelled.
2023-06-16 16:06:35,338 [Worker-13: Updating Maven Project] WARN  o.e.m.c.i.embedder.EclipseLogger - com.google.guava:guava/maven-metadata.xmlfailed to transfer from https://oss.sonatype.org/content/repositories/snapshots during a previous attempt. This failure was cached in the local repository and resolution will not be reattempted until the update interval of sonatype-nexus-snapshots has elapsed or updates are forced. Original error: Could not transfer metadata com.google.guava:guava/maven-metadata.xml from/to sonatype-nexus-snapshots (https://oss.sonatype.org/content/repositories/snapshots): The operation was cancelled.
2023-06-16 16:06:36,504 [Worker-13: Updating Maven Project] INFO  o.e.m.j.i.AbstractJavaProjectConfigurator - Adding source folder /rf-reporter/src/main/java
2023-06-16 16:06:36,505 [Worker-13: Updating Maven Project] INFO  o.e.m.j.i.AbstractJavaProjectConfigurator - Adding resource folder /rf-reporter/src/main/resources
2023-06-16 16:06:36,505 [Worker-13: Updating Maven Project] INFO  o.e.m.j.i.AbstractJavaProjectConfigurator - Adding resource folder /rf-reporter/src/main/resources
2023-06-16 16:06:36,506 [Worker-13: Updating Maven Project] INFO  o.e.m.j.i.AbstractJavaProjectConfigurator - Adding source folder /rf-reporter/src/test/java
2023-06-16 16:06:36,507 [Worker-13: Updating Maven Project] INFO  o.e.m.j.i.AbstractJavaProjectConfigurator - Adding resource folder /rf-reporter/src/test/resources
2023-06-16 16:06:37,183 [Worker-13: Updating Maven Project] INFO  o.e.m.c.i.p.ProjectConfigurationManager - Update completed for 1 poms: local refresh takes 0.00 sec, refresh facades takes 2.00 sec, update config takes 0.00 sec 
2023-06-16 16:06:37,304 [Worker-15: Building] INFO  o.e.m.c.i.embedder.EclipseLogger - Using 'UTF-8' encoding to copy filtered resources.
2023-06-16 16:06:37,305 [Worker-15: Building] INFO  o.e.m.c.i.embedder.EclipseLogger - Using 'UTF-8' encoding to copy filtered properties files.
2023-06-16 16:06:37,305 [Worker-15: Building] INFO  o.e.m.c.i.embedder.EclipseLogger - Copying 2 resources
2023-06-16 16:06:37,312 [Worker-15: Building] INFO  o.e.m.c.i.embedder.EclipseLogger - Copying 1 resource
2023-06-16 16:06:37,318 [Worker-15: Building] INFO  o.e.m.c.i.embedder.EclipseLogger - Using 'UTF-8' encoding to copy filtered resources.
2023-06-16 16:06:37,318 [Worker-15: Building] INFO  o.e.m.c.i.embedder.EclipseLogger - Using 'UTF-8' encoding to copy filtered properties files.
2023-06-16 16:06:37,319 [Worker-15: Building] INFO  o.e.m.c.i.embedder.EclipseLogger - Copying 1 resource
2023-06-16 16:08:34,318 [Worker-10: Building] INFO  o.e.m.c.i.embedder.EclipseLogger - Using 'UTF-8' encoding to copy filtered resources.
2023-06-16 16:08:34,319 [Worker-10: Building] INFO  o.e.m.c.i.embedder.EclipseLogger - Using 'UTF-8' encoding to copy filtered properties files.
2023-06-16 16:08:34,320 [Worker-10: Building] INFO  o.e.m.c.i.embedder.EclipseLogger - Copying 0 resource
2023-06-16 16:08:34,320 [Worker-10: Building] INFO  o.e.m.c.i.embedder.EclipseLogger - Copying 0 resource
2023-06-16 16:08:34,324 [Worker-10: Building] INFO  o.e.m.c.i.embedder.EclipseLogger - Using 'UTF-8' encoding to copy filtered resources.
2023-06-16 16:08:34,324 [Worker-10: Building] INFO  o.e.m.c.i.embedder.EclipseLogger - Using 'UTF-8' encoding to copy filtered properties files.
2023-06-16 16:08:34,324 [Worker-10: Building] INFO  o.e.m.c.i.embedder.EclipseLogger - Copying 0 resource
2023-06-16 16:10:14,474 [Worker-3: Loading pom.xml] WARN  o.e.m.c.i.embedder.EclipseLogger - org.eclipse.collections:eclipse-collections-forkjoin/maven-metadata.xmlfailed to transfer from https://repo.maven.apache.org/maven2 during a previous attempt. This failure was cached in the local repository and resolution will not be reattempted until the update interval of central has elapsed or updates are forced. Original error: Could not transfer metadata org.eclipse.collections:eclipse-collections-forkjoin/maven-metadata.xml from/to central (https://repo.maven.apache.org/maven2): The operation was cancelled.
2023-06-16 16:10:14,476 [Worker-3: Loading pom.xml] WARN  o.e.m.c.i.embedder.EclipseLogger - org.eclipse.collections:eclipse-collections-forkjoin/maven-metadata.xmlfailed to transfer from https://oss.sonatype.org/content/repositories/snapshots during a previous attempt. This failure was cached in the local repository and resolution will not be reattempted until the update interval of sonatype-nexus-snapshots has elapsed or updates are forced. Original error: Could not transfer metadata org.eclipse.collections:eclipse-collections-forkjoin/maven-metadata.xml from/to sonatype-nexus-snapshots (https://oss.sonatype.org/content/repositories/snapshots): The operation was cancelled.
2023-06-16 16:10:14,477 [Worker-3: Loading pom.xml] WARN  o.e.m.c.i.embedder.EclipseLogger - com.google.guava:guava/maven-metadata.xmlfailed to transfer from https://repo.maven.apache.org/maven2 during a previous attempt. This failure was cached in the local repository and resolution will not be reattempted until the update interval of central has elapsed or updates are forced. Original error: Could not transfer metadata com.google.guava:guava/maven-metadata.xml from/to central (https://repo.maven.apache.org/maven2): The operation was cancelled.
2023-06-16 16:10:14,479 [Worker-3: Loading pom.xml] WARN  o.e.m.c.i.embedder.EclipseLogger - com.google.guava:guava/maven-metadata.xmlfailed to transfer from https://oss.sonatype.org/content/repositories/snapshots during a previous attempt. This failure was cached in the local repository and resolution will not be reattempted until the update interval of sonatype-nexus-snapshots has elapsed or updates are forced. Original error: Could not transfer metadata com.google.guava:guava/maven-metadata.xml from/to sonatype-nexus-snapshots (https://oss.sonatype.org/content/repositories/snapshots): The operation was cancelled.
2023-06-16 16:10:14,494 [Worker-3: Loading pom.xml] ERROR o.e.m.c.embedder.MavenModelManager - Project read error
org.eclipse.aether.collection.DependencyCollectionException: Failed to collect dependencies at org.mapdb:mapdb:jar:3.0.9 -> org.eclipse.collections:eclipse-collections:jar:7.0.3
	at org.eclipse.aether.internal.impl.collect.DefaultDependencyCollector.collectDependencies(DefaultDependencyCollector.java:288)
	at org.eclipse.aether.internal.impl.DefaultRepositorySystem.collectDependencies(DefaultRepositorySystem.java:284)
	at org.eclipse.m2e.core.embedder.MavenModelManager.readDependencyTree(MavenModelManager.java:250)
	at org.eclipse.m2e.core.embedder.MavenModelManager.lambda$0(MavenModelManager.java:209)
	at org.eclipse.m2e.core.internal.embedder.MavenExecutionContext.executeBare(MavenExecutionContext.java:394)
	at org.eclipse.m2e.core.internal.embedder.MavenExecutionContext.execute(MavenExecutionContext.java:228)
	at org.eclipse.m2e.core.internal.project.registry.MavenProjectManager.lambda$0(MavenProjectManager.java:141)
	at org.eclipse.m2e.core.internal.embedder.MavenExecutionContext.executeBare(MavenExecutionContext.java:394)
	at org.eclipse.m2e.core.internal.embedder.MavenExecutionContext.execute(MavenExecutionContext.java:275)
	at org.eclipse.m2e.core.internal.embedder.MavenExecutionContext.execute(MavenExecutionContext.java:214)
	at org.eclipse.m2e.core.internal.project.registry.MavenProjectManager.execute(MavenProjectManager.java:140)
	at org.eclipse.m2e.core.embedder.MavenModelManager.readDependencyTree(MavenModelManager.java:211)
	at org.eclipse.m2e.editor.pom.MavenPomEditor.readDependencyTree(MavenPomEditor.java:664)
	at org.eclipse.m2e.editor.pom.DependencyTreePage$1.run(DependencyTreePage.java:225)
	at org.eclipse.core.internal.jobs.Worker.run(Worker.java:63)
Caused by: org.eclipse.aether.resolution.ArtifactDescriptorException: Failed to read artifact descriptor for org.eclipse.collections:eclipse-collections:jar:7.0.3
	at org.apache.maven.repository.internal.DefaultArtifactDescriptorReader.loadPom(DefaultArtifactDescriptorReader.java:255)
	at org.apache.maven.repository.internal.DefaultArtifactDescriptorReader.readArtifactDescriptor(DefaultArtifactDescriptorReader.java:171)
	at org.eclipse.aether.internal.impl.collect.DefaultDependencyCollector.resolveCachedArtifactDescriptor(DefaultDependencyCollector.java:538)
	at org.eclipse.aether.internal.impl.collect.DefaultDependencyCollector.getArtifactDescriptorResult(DefaultDependencyCollector.java:523)
	at org.eclipse.aether.internal.impl.collect.DefaultDependencyCollector.processDependency(DefaultDependencyCollector.java:410)
	at org.eclipse.aether.internal.impl.collect.DefaultDependencyCollector.processDependency(DefaultDependencyCollector.java:362)
	at org.eclipse.aether.internal.impl.collect.DefaultDependencyCollector.process(DefaultDependencyCollector.java:349)
	at org.eclipse.aether.internal.impl.collect.DefaultDependencyCollector.doRecurse(DefaultDependencyCollector.java:506)
	at org.eclipse.aether.internal.impl.collect.DefaultDependencyCollector.processDependency(DefaultDependencyCollector.java:458)
	at org.eclipse.aether.internal.impl.collect.DefaultDependencyCollector.processDependency(DefaultDependencyCollector.java:362)
	at org.eclipse.aether.internal.impl.collect.DefaultDependencyCollector.process(DefaultDependencyCollector.java:349)
	at org.eclipse.aether.internal.impl.collect.DefaultDependencyCollector.collectDependencies(DefaultDependencyCollector.java:254)
	... 14 common frames omitted
Caused by: org.eclipse.aether.resolution.ArtifactResolutionException: org.eclipse.collections:eclipse-collections:pom:7.0.3 failed to transfer from https://repo.maven.apache.org/maven2 during a previous attempt. This failure was cached in the local repository and resolution is not reattempted until the update interval of central has elapsed or updates are forced. Original error: Could not transfer artifact org.eclipse.collections:eclipse-collections:pom:7.0.3 from/to central (https://repo.maven.apache.org/maven2): The operation was cancelled.
	at org.eclipse.aether.internal.impl.DefaultArtifactResolver.resolve(DefaultArtifactResolver.java:425)
	at org.eclipse.aether.internal.impl.DefaultArtifactResolver.resolveArtifacts(DefaultArtifactResolver.java:229)
	at org.eclipse.aether.internal.impl.DefaultArtifactResolver.resolveArtifact(DefaultArtifactResolver.java:207)
	at org.apache.maven.repository.internal.DefaultArtifactDescriptorReader.loadPom(DefaultArtifactDescriptorReader.java:240)
	... 25 common frames omitted
Caused by: org.eclipse.aether.transfer.ArtifactTransferException: org.eclipse.collections:eclipse-collections:pom:7.0.3 failed to transfer from https://repo.maven.apache.org/maven2 during a previous attempt. This failure was cached in the local repository and resolution is not reattempted until the update interval of central has elapsed or updates are forced. Original error: Could not transfer artifact org.eclipse.collections:eclipse-collections:pom:7.0.3 from/to central (https://repo.maven.apache.org/maven2): The operation was cancelled.
	at org.eclipse.aether.internal.impl.DefaultUpdateCheckManager.newException(DefaultUpdateCheckManager.java:225)
	at org.eclipse.aether.internal.impl.DefaultUpdateCheckManager.checkArtifact(DefaultUpdateCheckManager.java:189)
	at org.eclipse.aether.internal.impl.DefaultArtifactResolver.gatherDownloads(DefaultArtifactResolver.java:574)
	at org.eclipse.aether.internal.impl.DefaultArtifactResolver.performDownloads(DefaultArtifactResolver.java:484)
	at org.eclipse.aether.internal.impl.DefaultArtifactResolver.resolve(DefaultArtifactResolver.java:402)
	... 28 common frames omitted
2023-06-16 16:10:14,507 [Worker-3: Loading pom.xml] ERROR o.e.m.editor.pom.DependencyTreePage - Project read error
org.eclipse.core.runtime.CoreException: Project read error
	at org.eclipse.m2e.core.embedder.MavenModelManager.readDependencyTree(MavenModelManager.java:254)
	at org.eclipse.m2e.core.embedder.MavenModelManager.lambda$0(MavenModelManager.java:209)
	at org.eclipse.m2e.core.internal.embedder.MavenExecutionContext.executeBare(MavenExecutionContext.java:394)
	at org.eclipse.m2e.core.internal.embedder.MavenExecutionContext.execute(MavenExecutionContext.java:228)
	at org.eclipse.m2e.core.internal.project.registry.MavenProjectManager.lambda$0(MavenProjectManager.java:141)
	at org.eclipse.m2e.core.internal.embedder.MavenExecutionContext.executeBare(MavenExecutionContext.java:394)
	at org.eclipse.m2e.core.internal.embedder.MavenExecutionContext.execute(MavenExecutionContext.java:275)
	at org.eclipse.m2e.core.internal.embedder.MavenExecutionContext.execute(MavenExecutionContext.java:214)
	at org.eclipse.m2e.core.internal.project.registry.MavenProjectManager.execute(MavenProjectManager.java:140)
	at org.eclipse.m2e.core.embedder.MavenModelManager.readDependencyTree(MavenModelManager.java:211)
	at org.eclipse.m2e.editor.pom.MavenPomEditor.readDependencyTree(MavenPomEditor.java:664)
	at org.eclipse.m2e.editor.pom.DependencyTreePage$1.run(DependencyTreePage.java:225)
	at org.eclipse.core.internal.jobs.Worker.run(Worker.java:63)
Caused by: org.eclipse.aether.collection.DependencyCollectionException: Failed to collect dependencies at org.mapdb:mapdb:jar:3.0.9 -> org.eclipse.collections:eclipse-collections:jar:7.0.3
	at org.eclipse.aether.internal.impl.collect.DefaultDependencyCollector.collectDependencies(DefaultDependencyCollector.java:288)
	at org.eclipse.aether.internal.impl.DefaultRepositorySystem.collectDependencies(DefaultRepositorySystem.java:284)
	at org.eclipse.m2e.core.embedder.MavenModelManager.readDependencyTree(MavenModelManager.java:250)
	... 12 common frames omitted
Caused by: org.eclipse.aether.resolution.ArtifactDescriptorException: Failed to read artifact descriptor for org.eclipse.collections:eclipse-collections:jar:7.0.3
	at org.apache.maven.repository.internal.DefaultArtifactDescriptorReader.loadPom(DefaultArtifactDescriptorReader.java:255)
	at org.apache.maven.repository.internal.DefaultArtifactDescriptorReader.readArtifactDescriptor(DefaultArtifactDescriptorReader.java:171)
	at org.eclipse.aether.internal.impl.collect.DefaultDependencyCollector.resolveCachedArtifactDescriptor(DefaultDependencyCollector.java:538)
	at org.eclipse.aether.internal.impl.collect.DefaultDependencyCollector.getArtifactDescriptorResult(DefaultDependencyCollector.java:523)
	at org.eclipse.aether.internal.impl.collect.DefaultDependencyCollector.processDependency(DefaultDependencyCollector.java:410)
	at org.eclipse.aether.internal.impl.collect.DefaultDependencyCollector.processDependency(DefaultDependencyCollector.java:362)
	at org.eclipse.aether.internal.impl.collect.DefaultDependencyCollector.process(DefaultDependencyCollector.java:349)
	at org.eclipse.aether.internal.impl.collect.DefaultDependencyCollector.doRecurse(DefaultDependencyCollector.java:506)
	at org.eclipse.aether.internal.impl.collect.DefaultDependencyCollector.processDependency(DefaultDependencyCollector.java:458)
	at org.eclipse.aether.internal.impl.collect.DefaultDependencyCollector.processDependency(DefaultDependencyCollector.java:362)
	at org.eclipse.aether.internal.impl.collect.DefaultDependencyCollector.process(DefaultDependencyCollector.java:349)
	at org.eclipse.aether.internal.impl.collect.DefaultDependencyCollector.collectDependencies(DefaultDependencyCollector.java:254)
	... 14 common frames omitted
Caused by: org.eclipse.aether.resolution.ArtifactResolutionException: org.eclipse.collections:eclipse-collections:pom:7.0.3 failed to transfer from https://repo.maven.apache.org/maven2 during a previous attempt. This failure was cached in the local repository and resolution is not reattempted until the update interval of central has elapsed or updates are forced. Original error: Could not transfer artifact org.eclipse.collections:eclipse-collections:pom:7.0.3 from/to central (https://repo.maven.apache.org/maven2): The operation was cancelled.
	at org.eclipse.aether.internal.impl.DefaultArtifactResolver.resolve(DefaultArtifactResolver.java:425)
	at org.eclipse.aether.internal.impl.DefaultArtifactResolver.resolveArtifacts(DefaultArtifactResolver.java:229)
	at org.eclipse.aether.internal.impl.DefaultArtifactResolver.resolveArtifact(DefaultArtifactResolver.java:207)
	at org.apache.maven.repository.internal.DefaultArtifactDescriptorReader.loadPom(DefaultArtifactDescriptorReader.java:240)
	... 25 common frames omitted
Caused by: org.eclipse.aether.transfer.ArtifactTransferException: org.eclipse.collections:eclipse-collections:pom:7.0.3 failed to transfer from https://repo.maven.apache.org/maven2 during a previous attempt. This failure was cached in the local repository and resolution is not reattempted until the update interval of central has elapsed or updates are forced. Original error: Could not transfer artifact org.eclipse.collections:eclipse-collections:pom:7.0.3 from/to central (https://repo.maven.apache.org/maven2): The operation was cancelled.
	at org.eclipse.aether.internal.impl.DefaultUpdateCheckManager.newException(DefaultUpdateCheckManager.java:225)
	at org.eclipse.aether.internal.impl.DefaultUpdateCheckManager.checkArtifact(DefaultUpdateCheckManager.java:189)
	at org.eclipse.aether.internal.impl.DefaultArtifactResolver.gatherDownloads(DefaultArtifactResolver.java:574)
	at org.eclipse.aether.internal.impl.DefaultArtifactResolver.performDownloads(DefaultArtifactResolver.java:484)
	at org.eclipse.aether.internal.impl.DefaultArtifactResolver.resolve(DefaultArtifactResolver.java:402)
	... 28 common frames omitted
2023-06-16 16:12:00,519 [Worker-14: Building] INFO  o.e.m.c.i.embedder.EclipseLogger - Using 'UTF-8' encoding to copy filtered resources.
2023-06-16 16:12:00,519 [Worker-14: Building] INFO  o.e.m.c.i.embedder.EclipseLogger - Using 'UTF-8' encoding to copy filtered properties files.
2023-06-16 16:12:00,519 [Worker-14: Building] INFO  o.e.m.c.i.embedder.EclipseLogger - Copying 0 resource
2023-06-16 16:12:00,519 [Worker-14: Building] INFO  o.e.m.c.i.embedder.EclipseLogger - Copying 0 resource
2023-06-16 16:12:00,524 [Worker-14: Building] INFO  o.e.m.c.i.embedder.EclipseLogger - Using 'UTF-8' encoding to copy filtered resources.
2023-06-16 16:12:00,524 [Worker-14: Building] INFO  o.e.m.c.i.embedder.EclipseLogger - Using 'UTF-8' encoding to copy filtered properties files.
2023-06-16 16:12:00,524 [Worker-14: Building] INFO  o.e.m.c.i.embedder.EclipseLogger - Copying 0 resource
2023-06-16 23:37:03,116 [Worker-0: Loading available Gradle versions] INFO  o.e.b.c.i.u.g.PublishedGradleVersions - Gradle version information cache is up-to-date. Trying to read.
